---------------------------------------------------------------
[ 2018-03-12T17:23:08+08:00 ] 127.0.0.1 GET /index/user/personal
[ info ] wechat.my/index/user/personal [运行时间：0.071397s][吞吐率：14.01req/s] [内存消耗：1,665.23kb] [文件加载：46]
[ info ] [ LANG ] D:\phpStudy\WWW\wechat\thinkphp\lang\zh-cn.php
[ info ] [ ROUTE ] array (
  'type' => 'module',
  'module' => 
  array (
    0 => 'index',
    1 => 'user',
    2 => 'personal',
  ),
)
[ info ] [ HEADER ] array (
  'host' => 'wechat.my',
  'connection' => 'keep-alive',
  'upgrade-insecure-requests' => '1',
  'user-agent' => 'Mozilla/5.0 (iPhone; CPU iPhone OS 9_1 like Mac OS X) AppleWebKit/601.1.46 (KHTML, like Gecko) Version/9.0 Mobile/13B143 Safari/601.1 wechatdevtools/1.02.1801081 MicroMessenger/6.5.7 Language/zh_CN webview/15208396158699806 webdebugger port/57837',
  'accept' => 'text/html,application/xhtml+xml,application/xml;q=0.9,image/webp,image/apng,*/*;q=0.8',
  'accept-encoding' => 'gzip, deflate',
  'accept-language' => 'zh-CN,zh;q=0.8',
  'cookie' => 'pgv_pvi=7152930816',
)
[ info ] [ PARAM ] array (
)
[ info ] [ SESSION ] INIT array (
  'id' => '',
  'var_session_id' => '',
  'prefix' => 'think',
  'type' => '',
  'auto_start' => true,
)
[ info ] [ LOG ] INIT File
---------------------------------------------------------------
[ 2018-03-12T17:23:08+08:00 ] 127.0.0.1 GET /index/login/login.html
[ info ] wechat.my/index/login/login.html [运行时间：0.025356s][吞吐率：39.44req/s] [内存消耗：1,665.08kb] [文件加载：44]
[ info ] [ LANG ] D:\phpStudy\WWW\wechat\thinkphp\lang\zh-cn.php
[ info ] [ ROUTE ] array (
  'type' => 'module',
  'module' => 
  array (
    0 => 'index',
    1 => 'login',
    2 => 'login',
  ),
)
[ info ] [ HEADER ] array (
  'host' => 'wechat.my',
  'connection' => 'keep-alive',
  'upgrade-insecure-requests' => '1',
  'user-agent' => 'Mozilla/5.0 (iPhone; CPU iPhone OS 9_1 like Mac OS X) AppleWebKit/601.1.46 (KHTML, like Gecko) Version/9.0 Mobile/13B143 Safari/601.1 wechatdevtools/1.02.1801081 MicroMessenger/6.5.7 Language/zh_CN webview/15208396158699806 webdebugger port/57837',
  'accept' => 'text/html,application/xhtml+xml,application/xml;q=0.9,image/webp,image/apng,*/*;q=0.8',
  'accept-encoding' => 'gzip, deflate',
  'accept-language' => 'zh-CN,zh;q=0.8',
  'cookie' => 'pgv_pvi=7152930816; PHPSESSID=sqgentbs9b1kuls9r870ol69e6',
)
[ info ] [ PARAM ] array (
)
[ info ] [ RUN ] app\index\controller\Login->login[ D:\phpStudy\WWW\wechat\application\index\controller\Login.php ]
[ info ] [ SESSION ] INIT array (
  'id' => '',
  'var_session_id' => '',
  'prefix' => 'think',
  'type' => '',
  'auto_start' => true,
)
[ info ] [ VIEW ] D:\phpStudy\WWW\wechat\public/../application/index\view\index.html [ array (
) ]
[ info ] [ LOG ] INIT File
---------------------------------------------------------------
[ 2018-03-12T17:23:18+08:00 ] 127.0.0.1 POST /index/login/dologin.html
[ info ] wechat.my/index/login/dologin.html [运行时间：1.638146s][吞吐率：0.61req/s] [内存消耗：1,608.27kb] [文件加载：43]
[ info ] [ LANG ] D:\phpStudy\WWW\wechat\thinkphp\lang\zh-cn.php
[ info ] [ ROUTE ] array (
  'type' => 'module',
  'module' => 
  array (
    0 => 'index',
    1 => 'login',
    2 => 'dologin',
  ),
)
[ info ] [ HEADER ] array (
  'host' => 'wechat.my',
  'connection' => 'keep-alive',
  'content-length' => '26',
  'accept' => 'application/json, text/javascript, */*; q=0.01',
  'origin' => 'http://wechat.my',
  'x-requested-with' => 'XMLHttpRequest',
  'user-agent' => 'Mozilla/5.0 (iPhone; CPU iPhone OS 9_1 like Mac OS X) AppleWebKit/601.1.46 (KHTML, like Gecko) Version/9.0 Mobile/13B143 Safari/601.1 wechatdevtools/1.02.1801081 MicroMessenger/6.5.7 Language/zh_CN webview/15208396158699806 webdebugger port/57837',
  'content-type' => 'application/x-www-form-urlencoded; charset=UTF-8',
  'referer' => 'http://wechat.my/index/login/login.html',
  'accept-encoding' => 'gzip, deflate',
  'accept-language' => 'zh-CN,zh;q=0.8',
  'cookie' => 'pgv_pvi=7152930816; PHPSESSID=sqgentbs9b1kuls9r870ol69e6',
)
[ info ] [ PARAM ] array (
  'tel' => '13333333333',
  'pwd' => '111111',
)
[ info ] [ RUN ] app\index\controller\Login->doLogin[ D:\phpStudy\WWW\wechat\application\index\controller\Login.php ]
[ info ] [ LOG ] INIT File
---------------------------------------------------------------
[ 2018-03-12T17:23:18+08:00 ] 127.0.0.1 POST /index/login/dologin.html
[ info ] wechat.my/index/login/dologin.html [运行时间：0.093934s][吞吐率：10.65req/s] [内存消耗：1,608.30kb] [文件加载：43]
[ info ] [ LANG ] D:\phpStudy\WWW\wechat\thinkphp\lang\zh-cn.php
[ info ] [ ROUTE ] array (
  'type' => 'module',
  'module' => 
  array (
    0 => 'index',
    1 => 'login',
    2 => 'dologin',
  ),
)
[ info ] [ HEADER ] array (
  'host' => 'wechat.my',
  'connection' => 'keep-alive',
  'content-length' => '26',
  'accept' => 'application/json, text/javascript, */*; q=0.01',
  'origin' => 'http://wechat.my',
  'x-requested-with' => 'XMLHttpRequest',
  'user-agent' => 'Mozilla/5.0 (iPhone; CPU iPhone OS 9_1 like Mac OS X) AppleWebKit/601.1.46 (KHTML, like Gecko) Version/9.0 Mobile/13B143 Safari/601.1 wechatdevtools/1.02.1801081 MicroMessenger/6.5.7 Language/zh_CN webview/15208396158699806 webdebugger port/57837',
  'content-type' => 'application/x-www-form-urlencoded; charset=UTF-8',
  'referer' => 'http://wechat.my/index/login/login.html',
  'accept-encoding' => 'gzip, deflate',
  'accept-language' => 'zh-CN,zh;q=0.8',
  'cookie' => 'pgv_pvi=7152930816; PHPSESSID=sqgentbs9b1kuls9r870ol69e6',
)
[ info ] [ PARAM ] array (
  'tel' => '13333333333',
  'pwd' => '111111',
)
[ info ] [ RUN ] app\index\controller\Login->doLogin[ D:\phpStudy\WWW\wechat\application\index\controller\Login.php ]
[ info ] [ LOG ] INIT File
---------------------------------------------------------------
[ 2018-03-12T17:23:23+08:00 ] 127.0.0.1 POST /index/login/dologin.html
[ info ] wechat.my/index/login/dologin.html [运行时间：0.092415s][吞吐率：10.82req/s] [内存消耗：1,608.30kb] [文件加载：43]
[ info ] [ LANG ] D:\phpStudy\WWW\wechat\thinkphp\lang\zh-cn.php
[ info ] [ ROUTE ] array (
  'type' => 'module',
  'module' => 
  array (
    0 => 'index',
    1 => 'login',
    2 => 'dologin',
  ),
)
[ info ] [ HEADER ] array (
  'host' => 'wechat.my',
  'connection' => 'keep-alive',
  'content-length' => '26',
  'accept' => 'application/json, text/javascript, */*; q=0.01',
  'origin' => 'http://wechat.my',
  'x-requested-with' => 'XMLHttpRequest',
  'user-agent' => 'Mozilla/5.0 (iPhone; CPU iPhone OS 9_1 like Mac OS X) AppleWebKit/601.1.46 (KHTML, like Gecko) Version/9.0 Mobile/13B143 Safari/601.1 wechatdevtools/1.02.1801081 MicroMessenger/6.5.7 Language/zh_CN webview/15208396158699806 webdebugger port/57837',
  'content-type' => 'application/x-www-form-urlencoded; charset=UTF-8',
  'referer' => 'http://wechat.my/index/login/login.html',
  'accept-encoding' => 'gzip, deflate',
  'accept-language' => 'zh-CN,zh;q=0.8',
  'cookie' => 'pgv_pvi=7152930816; PHPSESSID=sqgentbs9b1kuls9r870ol69e6',
)
[ info ] [ PARAM ] array (
  'tel' => '13333333331',
  'pwd' => '111111',
)
[ info ] [ RUN ] app\index\controller\Login->doLogin[ D:\phpStudy\WWW\wechat\application\index\controller\Login.php ]
[ info ] [ LOG ] INIT File
---------------------------------------------------------------
[ 2018-03-12T17:28:52+08:00 ] 127.0.0.1 POST /index/login/dologin.html
[ info ] wechat.my/index/login/dologin.html [运行时间：0.294544s][吞吐率：3.40req/s] [内存消耗：1,608.30kb] [文件加载：43]
[ info ] [ LANG ] D:\phpStudy\WWW\wechat\thinkphp\lang\zh-cn.php
[ info ] [ ROUTE ] array (
  'type' => 'module',
  'module' => 
  array (
    0 => 'index',
    1 => 'login',
    2 => 'dologin',
  ),
)
[ info ] [ HEADER ] array (
  'host' => 'wechat.my',
  'connection' => 'keep-alive',
  'content-length' => '26',
  'accept' => 'application/json, text/javascript, */*; q=0.01',
  'origin' => 'http://wechat.my',
  'x-requested-with' => 'XMLHttpRequest',
  'user-agent' => 'Mozilla/5.0 (iPhone; CPU iPhone OS 9_1 like Mac OS X) AppleWebKit/601.1.46 (KHTML, like Gecko) Version/9.0 Mobile/13B143 Safari/601.1 wechatdevtools/1.02.1801081 MicroMessenger/6.5.7 Language/zh_CN webview/15208396158699806 webdebugger port/57837',
  'content-type' => 'application/x-www-form-urlencoded; charset=UTF-8',
  'referer' => 'http://wechat.my/index/login/login.html',
  'accept-encoding' => 'gzip, deflate',
  'accept-language' => 'zh-CN,zh;q=0.8',
  'cookie' => 'pgv_pvi=7152930816; PHPSESSID=sqgentbs9b1kuls9r870ol69e6',
)
[ info ] [ PARAM ] array (
  'tel' => '13333333331',
  'pwd' => '111111',
)
[ info ] [ RUN ] app\index\controller\Login->doLogin[ D:\phpStudy\WWW\wechat\application\index\controller\Login.php ]
[ info ] [ LOG ] INIT File
