---------------------------------------------------------------
[ 2018-03-14T16:48:46+08:00 ] 127.0.0.1 GET /index/appointment/getBussiness
[ info ] wechat.my/index/appointment/getBussiness [运行时间：2.184494s][吞吐率：0.46req/s] [内存消耗：1,578.56kb] [文件加载：42]
[ info ] [ LANG ] D:\phpStudy\WWW\wechat\thinkphp\lang\zh-cn.php
[ info ] [ ROUTE ] array (
  'type' => 'module',
  'module' => 
  array (
    0 => 'index',
    1 => 'appointment',
    2 => 'getBussiness',
  ),
)
[ info ] [ HEADER ] array (
  'cache-control' => 'no-cache',
  'postman-token' => '616e2ff9-af2e-425c-a67c-e62ab7690f78',
  'user-agent' => 'PostmanRuntime/7.1.1',
  'accept' => '*/*',
  'host' => 'wechat.my',
  'cookie' => 'PHPSESSID=pepi02t65237m2k2abqjfr7392',
  'accept-encoding' => 'gzip, deflate',
  'connection' => 'keep-alive',
)
[ info ] [ PARAM ] array (
)
[ info ] [ RUN ] app\index\controller\Appointment->getBussiness[ D:\phpStudy\WWW\wechat\application\index\controller\Appointment.php ]
[ info ] [ LOG ] INIT File
