---------------------------------------------------------------
[ 2018-03-15T13:47:50+08:00 ] 127.0.0.1 GET /index/appointment/getBusinessHall
[ info ] wechat.my/index/appointment/getBusinessHall [运行时间：1.334495s][吞吐率：0.75req/s] [内存消耗：1,578.62kb] [文件加载：42]
[ info ] [ LANG ] D:\phpStudy\WWW\wechat\thinkphp\lang\zh-cn.php
[ info ] [ ROUTE ] array (
  'type' => 'module',
  'module' => 
  array (
    0 => 'index',
    1 => 'appointment',
    2 => 'getBusinessHall',
  ),
)
[ info ] [ HEADER ] array (
  'cache-control' => 'no-cache',
  'postman-token' => '53aee133-b085-46a5-877c-13fe9646850e',
  'user-agent' => 'PostmanRuntime/7.1.1',
  'accept' => '*/*',
  'host' => 'wechat.my',
  'cookie' => 'PHPSESSID=pepi02t65237m2k2abqjfr7392',
  'accept-encoding' => 'gzip, deflate',
  'connection' => 'keep-alive',
)
[ info ] [ PARAM ] array (
)
[ info ] [ RUN ] app\index\controller\Appointment->getBusinessHall[ D:\phpStudy\WWW\wechat\application\index\controller\Appointment.php ]
[ info ] [ LOG ] INIT File
---------------------------------------------------------------
[ 2018-03-15T13:48:08+08:00 ] 127.0.0.1 GET /index/appointment/getBusinessHall
[ info ] wechat.my/index/appointment/getBusinessHall [运行时间：0.111042s][吞吐率：9.01req/s] [内存消耗：1,578.63kb] [文件加载：42]
[ info ] [ LANG ] D:\phpStudy\WWW\wechat\thinkphp\lang\zh-cn.php
[ info ] [ ROUTE ] array (
  'type' => 'module',
  'module' => 
  array (
    0 => 'index',
    1 => 'appointment',
    2 => 'getBusinessHall',
  ),
)
[ info ] [ HEADER ] array (
  'cache-control' => 'no-cache',
  'postman-token' => 'd0d9a710-1d74-4357-8274-3d37c5473ee2',
  'user-agent' => 'PostmanRuntime/7.1.1',
  'accept' => '*/*',
  'host' => 'wechat.my',
  'cookie' => 'PHPSESSID=pepi02t65237m2k2abqjfr7392',
  'accept-encoding' => 'gzip, deflate',
  'connection' => 'keep-alive',
)
[ info ] [ PARAM ] array (
)
[ info ] [ RUN ] app\index\controller\Appointment->getBusinessHall[ D:\phpStudy\WWW\wechat\application\index\controller\Appointment.php ]
[ info ] [ LOG ] INIT File
---------------------------------------------------------------
[ 2018-03-15T14:00:56+08:00 ] 127.0.0.1 GET /index/appointment/line
[ info ] wechat.my/index/appointment/line [运行时间：0.193641s][吞吐率：5.16req/s] [内存消耗：2,377.70kb] [文件加载：46]
[ info ] [ LANG ] D:\phpStudy\WWW\wechat\thinkphp\lang\zh-cn.php
[ info ] [ ROUTE ] array (
  'type' => 'module',
  'module' => 
  array (
    0 => 'index',
    1 => 'appointment',
    2 => 'line',
  ),
)
[ info ] [ HEADER ] array (
  'host' => 'wechat.my',
  'connection' => 'keep-alive',
  'upgrade-insecure-requests' => '1',
  'user-agent' => 'Mozilla/5.0 (iPhone; CPU iPhone OS 9_1 like Mac OS X) AppleWebKit/601.1.46 (KHTML, like Gecko) Version/9.0 Mobile/13B143 Safari/601.1 wechatdevtools/1.02.1801081 MicroMessenger/6.5.7 Language/zh_CN webview/15210936442527499 webdebugger port/51864',
  'accept' => 'text/html,application/xhtml+xml,application/xml;q=0.9,image/webp,image/apng,*/*;q=0.8',
  'accept-encoding' => 'gzip, deflate',
  'accept-language' => 'zh-CN,zh;q=0.8',
  'cookie' => 'pgv_pvi=7152930816',
)
[ info ] [ PARAM ] array (
)
[ info ] [ RUN ] app\index\controller\Appointment->line[ D:\phpStudy\WWW\wechat\application\index\controller\Appointment.php ]
[ info ] [ VIEW ] D:\phpStudy\WWW\wechat\public/../application/index\view\yypd.html [ array (
) ]
[ info ] [ LOG ] INIT File
---------------------------------------------------------------
[ 2018-03-15T14:12:02+08:00 ] 127.0.0.1 GET /index/appointment/line?picktime=2018%2F03%2F15&yadd=%E5%8C%97%E4%BA%AC+%E5%8C%97%E4%BA%AC+%E4%B8%9C%E5%9F%8E%E5%8C%BA&ywlx=%E4%B8%9A%E5%8A%A1%E7%B1%BB%E5%9E%8B%E4%B8%80
[ info ] wechat.my/index/appointment/line?picktime=2018%2F03%2F15&yadd=%E5%8C%97%E4%BA%AC+%E5%8C%97%E4%BA%AC+%E4%B8%9C%E5%9F%8E%E5%8C%BA&ywlx=%E4%B8%9A%E5%8A%A1%E7%B1%BB%E5%9E%8B%E4%B8%80 [运行时间：0.029267s][吞吐率：34.17req/s] [内存消耗：1,833.62kb] [文件加载：44]
[ info ] [ LANG ] D:\phpStudy\WWW\wechat\thinkphp\lang\zh-cn.php
[ info ] [ ROUTE ] array (
  'type' => 'module',
  'module' => 
  array (
    0 => 'index',
    1 => 'appointment',
    2 => 'line',
  ),
)
[ info ] [ HEADER ] array (
  'host' => 'wechat.my',
  'connection' => 'keep-alive',
  'upgrade-insecure-requests' => '1',
  'user-agent' => 'Mozilla/5.0 (iPhone; CPU iPhone OS 9_1 like Mac OS X) AppleWebKit/601.1.46 (KHTML, like Gecko) Version/9.0 Mobile/13B143 Safari/601.1 wechatdevtools/1.02.1801081 MicroMessenger/6.5.7 Language/zh_CN webview/15210936442527499 webdebugger port/51864',
  'accept' => 'text/html,application/xhtml+xml,application/xml;q=0.9,image/webp,image/apng,*/*;q=0.8',
  'referer' => 'http://wechat.my/index/appointment/line',
  'accept-encoding' => 'gzip, deflate',
  'accept-language' => 'zh-CN,zh;q=0.8',
  'cookie' => 'pgv_pvi=7152930816',
)
[ info ] [ PARAM ] array (
  'picktime' => '2018/03/15',
  'yadd' => '北京 北京 东城区',
  'ywlx' => '业务类型一',
)
[ info ] [ RUN ] app\index\controller\Appointment->line[ D:\phpStudy\WWW\wechat\application\index\controller\Appointment.php ]
[ info ] [ VIEW ] D:\phpStudy\WWW\wechat\public/../application/index\view\yypd.html [ array (
) ]
[ info ] [ LOG ] INIT File
---------------------------------------------------------------
[ 2018-03-15T14:24:08+08:00 ] 127.0.0.1 GET /index/appointment/personal.html
[ info ] wechat.my/index/appointment/personal.html [运行时间：0.081594s][吞吐率：12.26req/s] [内存消耗：1,618.10kb] [文件加载：45]
[ info ] [ LANG ] D:\phpStudy\WWW\wechat\thinkphp\lang\zh-cn.php
[ info ] [ ROUTE ] array (
  'type' => 'module',
  'module' => 
  array (
    0 => 'index',
    1 => 'appointment',
    2 => 'personal',
  ),
)
[ info ] [ HEADER ] array (
  'host' => 'wechat.my',
  'connection' => 'keep-alive',
  'upgrade-insecure-requests' => '1',
  'user-agent' => 'Mozilla/5.0 (iPhone; CPU iPhone OS 9_1 like Mac OS X) AppleWebKit/601.1.46 (KHTML, like Gecko) Version/9.0 Mobile/13B143 Safari/601.1 wechatdevtools/1.02.1801081 MicroMessenger/6.5.7 Language/zh_CN webview/15210936442527499 webdebugger port/51864',
  'accept' => 'text/html,application/xhtml+xml,application/xml;q=0.9,image/webp,image/apng,*/*;q=0.8',
  'referer' => 'http://wechat.my/index/appointment/line?picktime=2018%2F03%2F15&yadd=%E5%8C%97%E4%BA%AC+%E5%8C%97%E4%BA%AC+%E4%B8%9C%E5%9F%8E%E5%8C%BA&ywlx=%E4%B8%9A%E5%8A%A1%E7%B1%BB%E5%9E%8B%E4%B8%80',
  'accept-encoding' => 'gzip, deflate',
  'accept-language' => 'zh-CN,zh;q=0.8',
  'cookie' => 'pgv_pvi=7152930816',
)
[ info ] [ PARAM ] array (
)
[ info ] [ LOG ] INIT File
---------------------------------------------------------------
[ 2018-03-15T16:31:21+08:00 ] 127.0.0.1 GET /index/appointment/line?picktime=2018%2F03%2F15&yadd=%E6%B9%96%E5%8C%97+%E8%8D%86%E5%B7%9E+%E7%9F%B3%E9%A6%96%E5%B8%82&ywlx=%E4%B8%9A%E5%8A%A1%E7%B1%BB%E5%9E%8B%E4%B8%80
[ info ] wechat.my/index/appointment/line?picktime=2018%2F03%2F15&yadd=%E6%B9%96%E5%8C%97+%E8%8D%86%E5%B7%9E+%E7%9F%B3%E9%A6%96%E5%B8%82&ywlx=%E4%B8%9A%E5%8A%A1%E7%B1%BB%E5%9E%8B%E4%B8%80 [运行时间：0.037268s][吞吐率：26.83req/s] [内存消耗：1,834.13kb] [文件加载：44]
[ info ] [ LANG ] D:\phpStudy\WWW\wechat\thinkphp\lang\zh-cn.php
[ info ] [ ROUTE ] array (
  'type' => 'module',
  'module' => 
  array (
    0 => 'index',
    1 => 'appointment',
    2 => 'line',
  ),
)
[ info ] [ HEADER ] array (
  'host' => 'wechat.my',
  'connection' => 'keep-alive',
  'upgrade-insecure-requests' => '1',
  'user-agent' => 'Mozilla/5.0 (iPhone; CPU iPhone OS 9_1 like Mac OS X) AppleWebKit/601.1.46 (KHTML, like Gecko) Version/9.0 Mobile/13B143 Safari/601.1 wechatdevtools/1.02.1801081 MicroMessenger/6.5.7 Language/zh_CN webview/15210936442527499 webdebugger port/51864',
  'accept' => 'text/html,application/xhtml+xml,application/xml;q=0.9,image/webp,image/apng,*/*;q=0.8',
  'referer' => 'http://wechat.my/index/appointment/line?picktime=2018%2F03%2F15&yadd=%E5%8C%97%E4%BA%AC+%E5%8C%97%E4%BA%AC+%E4%B8%9C%E5%9F%8E%E5%8C%BA&ywlx=%E4%B8%9A%E5%8A%A1%E7%B1%BB%E5%9E%8B%E4%B8%80',
  'accept-encoding' => 'gzip, deflate',
  'accept-language' => 'zh-CN,zh;q=0.8',
  'cookie' => 'pgv_pvi=7152930816',
)
[ info ] [ PARAM ] array (
  'picktime' => '2018/03/15',
  'yadd' => '湖北 荆州 石首市',
  'ywlx' => '业务类型一',
)
[ info ] [ RUN ] app\index\controller\Appointment->line[ D:\phpStudy\WWW\wechat\application\index\controller\Appointment.php ]
[ info ] [ VIEW ] D:\phpStudy\WWW\wechat\public/../application/index\view\yypd.html [ array (
) ]
[ info ] [ LOG ] INIT File
