---------------------------------------------------------------
[ 2018-03-20T15:17:05+08:00 ] 127.0.0.1 GET /index/appointment/line
[ info ] wechat.my/index/appointment/line [运行时间：0.056224s][吞吐率：17.79req/s] [内存消耗：1,800.99kb] [文件加载：46]
[ info ] [ LANG ] D:\phpStudy\WWW\wechat\thinkphp\lang\zh-cn.php
[ info ] [ ROUTE ] array (
  'type' => 'module',
  'module' => 
  array (
    0 => 'index',
    1 => 'appointment',
    2 => 'line',
  ),
)
[ info ] [ HEADER ] array (
  'host' => 'wechat.my',
  'connection' => 'keep-alive',
  'upgrade-insecure-requests' => '1',
  'user-agent' => 'Mozilla/5.0 (iPhone; CPU iPhone OS 9_1 like Mac OS X) AppleWebKit/601.1.46 (KHTML, like Gecko) Version/9.0 Mobile/13B143 Safari/601.1 wechatdevtools/1.02.1801081 MicroMessenger/6.5.7 Language/zh_CN webview/15215302196891374 webdebugger port/58272',
  'accept' => 'text/html,application/xhtml+xml,application/xml;q=0.9,image/webp,image/apng,*/*;q=0.8',
  'accept-encoding' => 'gzip, deflate',
  'accept-language' => 'zh-CN,zh;q=0.8',
  'cookie' => 'pgv_pvi=7152930816',
)
[ info ] [ PARAM ] array (
)
[ info ] [ RUN ] app\index\controller\Appointment->line[ D:\phpStudy\WWW\wechat\application\index\controller\Appointment.php ]
[ info ] [ VIEW ] D:\phpStudy\WWW\wechat\public/../application/index\view\yypd.html [ array (
) ]
[ info ] [ LOG ] INIT File
---------------------------------------------------------------
[ 2018-03-20T15:17:12+08:00 ] 127.0.0.1 POST /index/appointment/getbusinesshall.html
[ info ] wechat.my/index/appointment/getbusinesshall.html [运行时间：1.296029s][吞吐率：0.77req/s] [内存消耗：1,591.61kb] [文件加载：43]
[ info ] [ LANG ] D:\phpStudy\WWW\wechat\thinkphp\lang\zh-cn.php
[ info ] [ ROUTE ] array (
  'type' => 'module',
  'module' => 
  array (
    0 => 'index',
    1 => 'appointment',
    2 => 'getbusinesshall',
  ),
)
[ info ] [ HEADER ] array (
  'host' => 'wechat.my',
  'connection' => 'keep-alive',
  'content-length' => '234',
  'accept' => 'application/json, text/javascript, */*; q=0.01',
  'origin' => 'http://wechat.my',
  'x-requested-with' => 'XMLHttpRequest',
  'user-agent' => 'Mozilla/5.0 (iPhone; CPU iPhone OS 9_1 like Mac OS X) AppleWebKit/601.1.46 (KHTML, like Gecko) Version/9.0 Mobile/13B143 Safari/601.1 wechatdevtools/1.02.1801081 MicroMessenger/6.5.7 Language/zh_CN webview/15215302196891374 webdebugger port/58272',
  'content-type' => 'application/x-www-form-urlencoded; charset=UTF-8',
  'referer' => 'http://wechat.my/index/appointment/line',
  'accept-encoding' => 'gzip, deflate',
  'accept-language' => 'zh-CN,zh;q=0.8',
  'cookie' => 'pgv_pvi=7152930816',
)
[ info ] [ PARAM ] array (
  'post_data' => 
  array (
    'values' => '北京市-北京市-东城区',
    'ids' => '0-0-0',
    'name' => '北京市-北京市-东城区',
  ),
)
[ info ] [ RUN ] app\index\controller\Appointment->getBusinessHall[ D:\phpStudy\WWW\wechat\application\index\controller\Appointment.php ]
[ info ] [ LOG ] INIT File
---------------------------------------------------------------
[ 2018-03-20T15:17:16+08:00 ] 127.0.0.1 POST /index/appointment/getbussiness.html
[ info ] wechat.my/index/appointment/getbussiness.html [运行时间：0.997218s][吞吐率：1.00req/s] [内存消耗：1,590.30kb] [文件加载：43]
[ info ] [ LANG ] D:\phpStudy\WWW\wechat\thinkphp\lang\zh-cn.php
[ info ] [ ROUTE ] array (
  'type' => 'module',
  'module' => 
  array (
    0 => 'index',
    1 => 'appointment',
    2 => 'getbussiness',
  ),
)
[ info ] [ HEADER ] array (
  'host' => 'wechat.my',
  'connection' => 'keep-alive',
  'content-length' => '0',
  'accept' => 'application/json, text/javascript, */*; q=0.01',
  'origin' => 'http://wechat.my',
  'x-requested-with' => 'XMLHttpRequest',
  'user-agent' => 'Mozilla/5.0 (iPhone; CPU iPhone OS 9_1 like Mac OS X) AppleWebKit/601.1.46 (KHTML, like Gecko) Version/9.0 Mobile/13B143 Safari/601.1 wechatdevtools/1.02.1801081 MicroMessenger/6.5.7 Language/zh_CN webview/15215302196891374 webdebugger port/58272',
  'referer' => 'http://wechat.my/index/appointment/line',
  'accept-encoding' => 'gzip, deflate',
  'accept-language' => 'zh-CN,zh;q=0.8',
  'cookie' => 'pgv_pvi=7152930816',
)
[ info ] [ PARAM ] array (
)
[ info ] [ RUN ] app\index\controller\Appointment->getBussiness[ D:\phpStudy\WWW\wechat\application\index\controller\Appointment.php ]
[ info ] [ LOG ] INIT File
---------------------------------------------------------------
[ 2018-03-20T15:17:33+08:00 ] 127.0.0.1 POST /index/appointment/getbussiness.html
[ info ] wechat.my/index/appointment/getbussiness.html [运行时间：0.103946s][吞吐率：9.62req/s] [内存消耗：1,590.30kb] [文件加载：43]
[ info ] [ LANG ] D:\phpStudy\WWW\wechat\thinkphp\lang\zh-cn.php
[ info ] [ ROUTE ] array (
  'type' => 'module',
  'module' => 
  array (
    0 => 'index',
    1 => 'appointment',
    2 => 'getbussiness',
  ),
)
[ info ] [ HEADER ] array (
  'host' => 'wechat.my',
  'connection' => 'keep-alive',
  'content-length' => '0',
  'accept' => 'application/json, text/javascript, */*; q=0.01',
  'origin' => 'http://wechat.my',
  'x-requested-with' => 'XMLHttpRequest',
  'user-agent' => 'Mozilla/5.0 (iPhone; CPU iPhone OS 9_1 like Mac OS X) AppleWebKit/601.1.46 (KHTML, like Gecko) Version/9.0 Mobile/13B143 Safari/601.1 wechatdevtools/1.02.1801081 MicroMessenger/6.5.7 Language/zh_CN webview/15215302196891374 webdebugger port/58272',
  'referer' => 'http://wechat.my/index/appointment/line',
  'accept-encoding' => 'gzip, deflate',
  'accept-language' => 'zh-CN,zh;q=0.8',
  'cookie' => 'pgv_pvi=7152930816',
)
[ info ] [ PARAM ] array (
)
[ info ] [ RUN ] app\index\controller\Appointment->getBussiness[ D:\phpStudy\WWW\wechat\application\index\controller\Appointment.php ]
[ info ] [ LOG ] INIT File
---------------------------------------------------------------
[ 2018-03-20T15:17:36+08:00 ] 127.0.0.1 POST /index/appointment/getbusinesshall.html
[ info ] wechat.my/index/appointment/getbusinesshall.html [运行时间：0.124270s][吞吐率：8.05req/s] [内存消耗：1,591.55kb] [文件加载：43]
[ info ] [ LANG ] D:\phpStudy\WWW\wechat\thinkphp\lang\zh-cn.php
[ info ] [ ROUTE ] array (
  'type' => 'module',
  'module' => 
  array (
    0 => 'index',
    1 => 'appointment',
    2 => 'getbusinesshall',
  ),
)
[ info ] [ HEADER ] array (
  'host' => 'wechat.my',
  'connection' => 'keep-alive',
  'content-length' => '234',
  'accept' => 'application/json, text/javascript, */*; q=0.01',
  'origin' => 'http://wechat.my',
  'x-requested-with' => 'XMLHttpRequest',
  'user-agent' => 'Mozilla/5.0 (iPhone; CPU iPhone OS 9_1 like Mac OS X) AppleWebKit/601.1.46 (KHTML, like Gecko) Version/9.0 Mobile/13B143 Safari/601.1 wechatdevtools/1.02.1801081 MicroMessenger/6.5.7 Language/zh_CN webview/15215302196891374 webdebugger port/58272',
  'content-type' => 'application/x-www-form-urlencoded; charset=UTF-8',
  'referer' => 'http://wechat.my/index/appointment/line',
  'accept-encoding' => 'gzip, deflate',
  'accept-language' => 'zh-CN,zh;q=0.8',
  'cookie' => 'pgv_pvi=7152930816',
)
[ info ] [ PARAM ] array (
  'post_data' => 
  array (
    'values' => '北京市-北京市-朝阳区',
    'ids' => '0-0-4',
    'name' => '北京市-北京市-朝阳区',
  ),
)
[ info ] [ RUN ] app\index\controller\Appointment->getBusinessHall[ D:\phpStudy\WWW\wechat\application\index\controller\Appointment.php ]
[ info ] [ LOG ] INIT File
---------------------------------------------------------------
[ 2018-03-20T15:17:39+08:00 ] 127.0.0.1 POST /index/appointment/getbussiness.html
[ info ] wechat.my/index/appointment/getbussiness.html [运行时间：0.184462s][吞吐率：5.42req/s] [内存消耗：1,590.30kb] [文件加载：43]
[ info ] [ LANG ] D:\phpStudy\WWW\wechat\thinkphp\lang\zh-cn.php
[ info ] [ ROUTE ] array (
  'type' => 'module',
  'module' => 
  array (
    0 => 'index',
    1 => 'appointment',
    2 => 'getbussiness',
  ),
)
[ info ] [ HEADER ] array (
  'host' => 'wechat.my',
  'connection' => 'keep-alive',
  'content-length' => '0',
  'accept' => 'application/json, text/javascript, */*; q=0.01',
  'origin' => 'http://wechat.my',
  'x-requested-with' => 'XMLHttpRequest',
  'user-agent' => 'Mozilla/5.0 (iPhone; CPU iPhone OS 9_1 like Mac OS X) AppleWebKit/601.1.46 (KHTML, like Gecko) Version/9.0 Mobile/13B143 Safari/601.1 wechatdevtools/1.02.1801081 MicroMessenger/6.5.7 Language/zh_CN webview/15215302196891374 webdebugger port/58272',
  'referer' => 'http://wechat.my/index/appointment/line',
  'accept-encoding' => 'gzip, deflate',
  'accept-language' => 'zh-CN,zh;q=0.8',
  'cookie' => 'pgv_pvi=7152930816',
)
[ info ] [ PARAM ] array (
)
[ info ] [ RUN ] app\index\controller\Appointment->getBussiness[ D:\phpStudy\WWW\wechat\application\index\controller\Appointment.php ]
[ info ] [ LOG ] INIT File
---------------------------------------------------------------
[ 2018-03-20T15:18:06+08:00 ] 127.0.0.1 POST /index/appointment/getbusinesshall.html
[ info ] wechat.my/index/appointment/getbusinesshall.html [运行时间：0.077876s][吞吐率：12.84req/s] [内存消耗：1,591.55kb] [文件加载：43]
[ info ] [ LANG ] D:\phpStudy\WWW\wechat\thinkphp\lang\zh-cn.php
[ info ] [ ROUTE ] array (
  'type' => 'module',
  'module' => 
  array (
    0 => 'index',
    1 => 'appointment',
    2 => 'getbusinesshall',
  ),
)
[ info ] [ HEADER ] array (
  'host' => 'wechat.my',
  'connection' => 'keep-alive',
  'content-length' => '234',
  'accept' => 'application/json, text/javascript, */*; q=0.01',
  'origin' => 'http://wechat.my',
  'x-requested-with' => 'XMLHttpRequest',
  'user-agent' => 'Mozilla/5.0 (iPhone; CPU iPhone OS 9_1 like Mac OS X) AppleWebKit/601.1.46 (KHTML, like Gecko) Version/9.0 Mobile/13B143 Safari/601.1 wechatdevtools/1.02.1801081 MicroMessenger/6.5.7 Language/zh_CN webview/15215302196891374 webdebugger port/58272',
  'content-type' => 'application/x-www-form-urlencoded; charset=UTF-8',
  'referer' => 'http://wechat.my/index/appointment/line',
  'accept-encoding' => 'gzip, deflate',
  'accept-language' => 'zh-CN,zh;q=0.8',
  'cookie' => 'pgv_pvi=7152930816',
)
[ info ] [ PARAM ] array (
  'post_data' => 
  array (
    'values' => '北京市-北京市-朝阳区',
    'ids' => '0-0-4',
    'name' => '北京市-北京市-朝阳区',
  ),
)
[ info ] [ RUN ] app\index\controller\Appointment->getBusinessHall[ D:\phpStudy\WWW\wechat\application\index\controller\Appointment.php ]
[ info ] [ LOG ] INIT File
---------------------------------------------------------------
[ 2018-03-20T15:18:29+08:00 ] 127.0.0.1 GET /index/appointment/line
[ info ] wechat.my/index/appointment/line [运行时间：0.024057s][吞吐率：41.57req/s] [内存消耗：1,646.67kb] [文件加载：44]
[ info ] [ LANG ] D:\phpStudy\WWW\wechat\thinkphp\lang\zh-cn.php
[ info ] [ ROUTE ] array (
  'type' => 'module',
  'module' => 
  array (
    0 => 'index',
    1 => 'appointment',
    2 => 'line',
  ),
)
[ info ] [ HEADER ] array (
  'host' => 'wechat.my',
  'connection' => 'keep-alive',
  'cache-control' => 'max-age=0',
  'upgrade-insecure-requests' => '1',
  'user-agent' => 'Mozilla/5.0 (iPhone; CPU iPhone OS 9_1 like Mac OS X) AppleWebKit/601.1.46 (KHTML, like Gecko) Version/9.0 Mobile/13B143 Safari/601.1 wechatdevtools/1.02.1801081 MicroMessenger/6.5.7 Language/zh_CN webview/15215302196891374 webdebugger port/58272',
  'accept' => 'text/html,application/xhtml+xml,application/xml;q=0.9,image/webp,image/apng,*/*;q=0.8',
  'accept-encoding' => 'gzip, deflate',
  'accept-language' => 'zh-CN,zh;q=0.8',
  'cookie' => 'pgv_pvi=7152930816',
)
[ info ] [ PARAM ] array (
)
[ info ] [ RUN ] app\index\controller\Appointment->line[ D:\phpStudy\WWW\wechat\application\index\controller\Appointment.php ]
[ info ] [ VIEW ] D:\phpStudy\WWW\wechat\public/../application/index\view\yypd.html [ array (
) ]
[ info ] [ LOG ] INIT File
---------------------------------------------------------------
[ 2018-03-20T15:18:29+08:00 ] 127.0.0.1 GET /index/appointment/line
[ info ] wechat.my/index/appointment/line [运行时间：0.022982s][吞吐率：43.51req/s] [内存消耗：1,646.67kb] [文件加载：44]
[ info ] [ LANG ] D:\phpStudy\WWW\wechat\thinkphp\lang\zh-cn.php
[ info ] [ ROUTE ] array (
  'type' => 'module',
  'module' => 
  array (
    0 => 'index',
    1 => 'appointment',
    2 => 'line',
  ),
)
[ info ] [ HEADER ] array (
  'host' => 'wechat.my',
  'connection' => 'keep-alive',
  'cache-control' => 'max-age=0',
  'upgrade-insecure-requests' => '1',
  'user-agent' => 'Mozilla/5.0 (iPhone; CPU iPhone OS 9_1 like Mac OS X) AppleWebKit/601.1.46 (KHTML, like Gecko) Version/9.0 Mobile/13B143 Safari/601.1 wechatdevtools/1.02.1801081 MicroMessenger/6.5.7 Language/zh_CN webview/15215302196891374 webdebugger port/58272',
  'accept' => 'text/html,application/xhtml+xml,application/xml;q=0.9,image/webp,image/apng,*/*;q=0.8',
  'accept-encoding' => 'gzip, deflate',
  'accept-language' => 'zh-CN,zh;q=0.8',
  'cookie' => 'pgv_pvi=7152930816',
)
[ info ] [ PARAM ] array (
)
[ info ] [ RUN ] app\index\controller\Appointment->line[ D:\phpStudy\WWW\wechat\application\index\controller\Appointment.php ]
[ info ] [ VIEW ] D:\phpStudy\WWW\wechat\public/../application/index\view\yypd.html [ array (
) ]
[ info ] [ LOG ] INIT File
---------------------------------------------------------------
[ 2018-03-20T15:18:33+08:00 ] 127.0.0.1 POST /index/appointment/getbusinesshall.html
[ info ] wechat.my/index/appointment/getbusinesshall.html [运行时间：0.100508s][吞吐率：9.95req/s] [内存消耗：1,591.55kb] [文件加载：43]
[ info ] [ LANG ] D:\phpStudy\WWW\wechat\thinkphp\lang\zh-cn.php
[ info ] [ ROUTE ] array (
  'type' => 'module',
  'module' => 
  array (
    0 => 'index',
    1 => 'appointment',
    2 => 'getbusinesshall',
  ),
)
[ info ] [ HEADER ] array (
  'host' => 'wechat.my',
  'connection' => 'keep-alive',
  'content-length' => '234',
  'accept' => 'application/json, text/javascript, */*; q=0.01',
  'origin' => 'http://wechat.my',
  'x-requested-with' => 'XMLHttpRequest',
  'user-agent' => 'Mozilla/5.0 (iPhone; CPU iPhone OS 9_1 like Mac OS X) AppleWebKit/601.1.46 (KHTML, like Gecko) Version/9.0 Mobile/13B143 Safari/601.1 wechatdevtools/1.02.1801081 MicroMessenger/6.5.7 Language/zh_CN webview/15215302196891374 webdebugger port/58272',
  'content-type' => 'application/x-www-form-urlencoded; charset=UTF-8',
  'referer' => 'http://wechat.my/index/appointment/line',
  'accept-encoding' => 'gzip, deflate',
  'accept-language' => 'zh-CN,zh;q=0.8',
  'cookie' => 'pgv_pvi=7152930816',
)
[ info ] [ PARAM ] array (
  'post_data' => 
  array (
    'values' => '北京市-北京市-东城区',
    'ids' => '0-0-0',
    'name' => '北京市-北京市-东城区',
  ),
)
[ info ] [ RUN ] app\index\controller\Appointment->getBusinessHall[ D:\phpStudy\WWW\wechat\application\index\controller\Appointment.php ]
[ info ] [ LOG ] INIT File
---------------------------------------------------------------
[ 2018-03-20T15:19:03+08:00 ] 127.0.0.1 GET /index/appointment/line
[ info ] wechat.my/index/appointment/line [运行时间：0.026915s][吞吐率：37.15req/s] [内存消耗：1,801.27kb] [文件加载：46]
[ info ] [ LANG ] D:\phpStudy\WWW\wechat\thinkphp\lang\zh-cn.php
[ info ] [ ROUTE ] array (
  'type' => 'module',
  'module' => 
  array (
    0 => 'index',
    1 => 'appointment',
    2 => 'line',
  ),
)
[ info ] [ HEADER ] array (
  'host' => 'wechat.my',
  'connection' => 'keep-alive',
  'cache-control' => 'max-age=0',
  'upgrade-insecure-requests' => '1',
  'user-agent' => 'Mozilla/5.0 (iPhone; CPU iPhone OS 9_1 like Mac OS X) AppleWebKit/601.1.46 (KHTML, like Gecko) Version/9.0 Mobile/13B143 Safari/601.1 wechatdevtools/1.02.1801081 MicroMessenger/6.5.7 Language/zh_CN webview/15215302196891374 webdebugger port/58272',
  'accept' => 'text/html,application/xhtml+xml,application/xml;q=0.9,image/webp,image/apng,*/*;q=0.8',
  'accept-encoding' => 'gzip, deflate',
  'accept-language' => 'zh-CN,zh;q=0.8',
  'cookie' => 'pgv_pvi=7152930816',
)
[ info ] [ PARAM ] array (
)
[ info ] [ RUN ] app\index\controller\Appointment->line[ D:\phpStudy\WWW\wechat\application\index\controller\Appointment.php ]
[ info ] [ VIEW ] D:\phpStudy\WWW\wechat\public/../application/index\view\yypd.html [ array (
) ]
[ info ] [ LOG ] INIT File
---------------------------------------------------------------
[ 2018-03-20T15:19:03+08:00 ] 127.0.0.1 GET /index/appointment/line
[ info ] wechat.my/index/appointment/line [运行时间：0.024227s][吞吐率：41.28req/s] [内存消耗：1,646.69kb] [文件加载：44]
[ info ] [ LANG ] D:\phpStudy\WWW\wechat\thinkphp\lang\zh-cn.php
[ info ] [ ROUTE ] array (
  'type' => 'module',
  'module' => 
  array (
    0 => 'index',
    1 => 'appointment',
    2 => 'line',
  ),
)
[ info ] [ HEADER ] array (
  'host' => 'wechat.my',
  'connection' => 'keep-alive',
  'cache-control' => 'max-age=0',
  'upgrade-insecure-requests' => '1',
  'user-agent' => 'Mozilla/5.0 (iPhone; CPU iPhone OS 9_1 like Mac OS X) AppleWebKit/601.1.46 (KHTML, like Gecko) Version/9.0 Mobile/13B143 Safari/601.1 wechatdevtools/1.02.1801081 MicroMessenger/6.5.7 Language/zh_CN webview/15215302196891374 webdebugger port/58272',
  'accept' => 'text/html,application/xhtml+xml,application/xml;q=0.9,image/webp,image/apng,*/*;q=0.8',
  'accept-encoding' => 'gzip, deflate',
  'accept-language' => 'zh-CN,zh;q=0.8',
  'cookie' => 'pgv_pvi=7152930816',
)
[ info ] [ PARAM ] array (
)
[ info ] [ RUN ] app\index\controller\Appointment->line[ D:\phpStudy\WWW\wechat\application\index\controller\Appointment.php ]
[ info ] [ VIEW ] D:\phpStudy\WWW\wechat\public/../application/index\view\yypd.html [ array (
) ]
[ info ] [ LOG ] INIT File
---------------------------------------------------------------
[ 2018-03-20T15:19:11+08:00 ] 127.0.0.1 POST /index/appointment/getbusinesshall.html
[ info ] wechat.my/index/appointment/getbusinesshall.html [运行时间：0.079096s][吞吐率：12.64req/s] [内存消耗：1,591.55kb] [文件加载：43]
[ info ] [ LANG ] D:\phpStudy\WWW\wechat\thinkphp\lang\zh-cn.php
[ info ] [ ROUTE ] array (
  'type' => 'module',
  'module' => 
  array (
    0 => 'index',
    1 => 'appointment',
    2 => 'getbusinesshall',
  ),
)
[ info ] [ HEADER ] array (
  'host' => 'wechat.my',
  'connection' => 'keep-alive',
  'content-length' => '234',
  'accept' => 'application/json, text/javascript, */*; q=0.01',
  'origin' => 'http://wechat.my',
  'x-requested-with' => 'XMLHttpRequest',
  'user-agent' => 'Mozilla/5.0 (iPhone; CPU iPhone OS 9_1 like Mac OS X) AppleWebKit/601.1.46 (KHTML, like Gecko) Version/9.0 Mobile/13B143 Safari/601.1 wechatdevtools/1.02.1801081 MicroMessenger/6.5.7 Language/zh_CN webview/15215302196891374 webdebugger port/58272',
  'content-type' => 'application/x-www-form-urlencoded; charset=UTF-8',
  'referer' => 'http://wechat.my/index/appointment/line',
  'accept-encoding' => 'gzip, deflate',
  'accept-language' => 'zh-CN,zh;q=0.8',
  'cookie' => 'pgv_pvi=7152930816',
)
[ info ] [ PARAM ] array (
  'post_data' => 
  array (
    'values' => '北京市-北京市-东城区',
    'ids' => '0-0-0',
    'name' => '北京市-北京市-东城区',
  ),
)
[ info ] [ RUN ] app\index\controller\Appointment->getBusinessHall[ D:\phpStudy\WWW\wechat\application\index\controller\Appointment.php ]
[ info ] [ LOG ] INIT File
---------------------------------------------------------------
[ 2018-03-20T15:19:15+08:00 ] 127.0.0.1 POST /index/appointment/getbussiness.html
[ info ] wechat.my/index/appointment/getbussiness.html [运行时间：0.127472s][吞吐率：7.84req/s] [内存消耗：1,590.30kb] [文件加载：43]
[ info ] [ LANG ] D:\phpStudy\WWW\wechat\thinkphp\lang\zh-cn.php
[ info ] [ ROUTE ] array (
  'type' => 'module',
  'module' => 
  array (
    0 => 'index',
    1 => 'appointment',
    2 => 'getbussiness',
  ),
)
[ info ] [ HEADER ] array (
  'host' => 'wechat.my',
  'connection' => 'keep-alive',
  'content-length' => '0',
  'accept' => 'application/json, text/javascript, */*; q=0.01',
  'origin' => 'http://wechat.my',
  'x-requested-with' => 'XMLHttpRequest',
  'user-agent' => 'Mozilla/5.0 (iPhone; CPU iPhone OS 9_1 like Mac OS X) AppleWebKit/601.1.46 (KHTML, like Gecko) Version/9.0 Mobile/13B143 Safari/601.1 wechatdevtools/1.02.1801081 MicroMessenger/6.5.7 Language/zh_CN webview/15215302196891374 webdebugger port/58272',
  'referer' => 'http://wechat.my/index/appointment/line',
  'accept-encoding' => 'gzip, deflate',
  'accept-language' => 'zh-CN,zh;q=0.8',
  'cookie' => 'pgv_pvi=7152930816',
)
[ info ] [ PARAM ] array (
)
[ info ] [ RUN ] app\index\controller\Appointment->getBussiness[ D:\phpStudy\WWW\wechat\application\index\controller\Appointment.php ]
[ info ] [ LOG ] INIT File
---------------------------------------------------------------
[ 2018-03-20T15:19:50+08:00 ] 127.0.0.1 GET /index/appointment/line
[ info ] wechat.my/index/appointment/line [运行时间：0.028598s][吞吐率：34.97req/s] [内存消耗：1,801.23kb] [文件加载：46]
[ info ] [ LANG ] D:\phpStudy\WWW\wechat\thinkphp\lang\zh-cn.php
[ info ] [ ROUTE ] array (
  'type' => 'module',
  'module' => 
  array (
    0 => 'index',
    1 => 'appointment',
    2 => 'line',
  ),
)
[ info ] [ HEADER ] array (
  'host' => 'wechat.my',
  'connection' => 'keep-alive',
  'cache-control' => 'max-age=0',
  'upgrade-insecure-requests' => '1',
  'user-agent' => 'Mozilla/5.0 (iPhone; CPU iPhone OS 9_1 like Mac OS X) AppleWebKit/601.1.46 (KHTML, like Gecko) Version/9.0 Mobile/13B143 Safari/601.1 wechatdevtools/1.02.1801081 MicroMessenger/6.5.7 Language/zh_CN webview/15215302196891374 webdebugger port/58272',
  'accept' => 'text/html,application/xhtml+xml,application/xml;q=0.9,image/webp,image/apng,*/*;q=0.8',
  'accept-encoding' => 'gzip, deflate',
  'accept-language' => 'zh-CN,zh;q=0.8',
  'cookie' => 'pgv_pvi=7152930816',
)
[ info ] [ PARAM ] array (
)
[ info ] [ RUN ] app\index\controller\Appointment->line[ D:\phpStudy\WWW\wechat\application\index\controller\Appointment.php ]
[ info ] [ VIEW ] D:\phpStudy\WWW\wechat\public/../application/index\view\yypd.html [ array (
) ]
[ info ] [ LOG ] INIT File
---------------------------------------------------------------
[ 2018-03-20T15:19:50+08:00 ] 127.0.0.1 GET /index/appointment/line
[ info ] wechat.my/index/appointment/line [运行时间：0.025807s][吞吐率：38.75req/s] [内存消耗：1,646.65kb] [文件加载：44]
[ info ] [ LANG ] D:\phpStudy\WWW\wechat\thinkphp\lang\zh-cn.php
[ info ] [ ROUTE ] array (
  'type' => 'module',
  'module' => 
  array (
    0 => 'index',
    1 => 'appointment',
    2 => 'line',
  ),
)
[ info ] [ HEADER ] array (
  'host' => 'wechat.my',
  'connection' => 'keep-alive',
  'cache-control' => 'max-age=0',
  'upgrade-insecure-requests' => '1',
  'user-agent' => 'Mozilla/5.0 (iPhone; CPU iPhone OS 9_1 like Mac OS X) AppleWebKit/601.1.46 (KHTML, like Gecko) Version/9.0 Mobile/13B143 Safari/601.1 wechatdevtools/1.02.1801081 MicroMessenger/6.5.7 Language/zh_CN webview/15215302196891374 webdebugger port/58272',
  'accept' => 'text/html,application/xhtml+xml,application/xml;q=0.9,image/webp,image/apng,*/*;q=0.8',
  'accept-encoding' => 'gzip, deflate',
  'accept-language' => 'zh-CN,zh;q=0.8',
  'cookie' => 'pgv_pvi=7152930816',
)
[ info ] [ PARAM ] array (
)
[ info ] [ RUN ] app\index\controller\Appointment->line[ D:\phpStudy\WWW\wechat\application\index\controller\Appointment.php ]
[ info ] [ VIEW ] D:\phpStudy\WWW\wechat\public/../application/index\view\yypd.html [ array (
) ]
[ info ] [ LOG ] INIT File
---------------------------------------------------------------
[ 2018-03-20T15:19:56+08:00 ] 127.0.0.1 POST /index/appointment/getbusinesshall.html
[ info ] wechat.my/index/appointment/getbusinesshall.html [运行时间：0.057575s][吞吐率：17.37req/s] [内存消耗：1,591.55kb] [文件加载：43]
[ info ] [ LANG ] D:\phpStudy\WWW\wechat\thinkphp\lang\zh-cn.php
[ info ] [ ROUTE ] array (
  'type' => 'module',
  'module' => 
  array (
    0 => 'index',
    1 => 'appointment',
    2 => 'getbusinesshall',
  ),
)
[ info ] [ HEADER ] array (
  'host' => 'wechat.my',
  'connection' => 'keep-alive',
  'content-length' => '234',
  'accept' => 'application/json, text/javascript, */*; q=0.01',
  'origin' => 'http://wechat.my',
  'x-requested-with' => 'XMLHttpRequest',
  'user-agent' => 'Mozilla/5.0 (iPhone; CPU iPhone OS 9_1 like Mac OS X) AppleWebKit/601.1.46 (KHTML, like Gecko) Version/9.0 Mobile/13B143 Safari/601.1 wechatdevtools/1.02.1801081 MicroMessenger/6.5.7 Language/zh_CN webview/15215302196891374 webdebugger port/58272',
  'content-type' => 'application/x-www-form-urlencoded; charset=UTF-8',
  'referer' => 'http://wechat.my/index/appointment/line',
  'accept-encoding' => 'gzip, deflate',
  'accept-language' => 'zh-CN,zh;q=0.8',
  'cookie' => 'pgv_pvi=7152930816',
)
[ info ] [ PARAM ] array (
  'post_data' => 
  array (
    'values' => '北京市-北京市-东城区',
    'ids' => '0-0-0',
    'name' => '北京市-北京市-东城区',
  ),
)
[ info ] [ RUN ] app\index\controller\Appointment->getBusinessHall[ D:\phpStudy\WWW\wechat\application\index\controller\Appointment.php ]
[ info ] [ LOG ] INIT File
---------------------------------------------------------------
[ 2018-03-20T15:20:00+08:00 ] 127.0.0.1 POST /index/appointment/getbussiness.html
[ info ] wechat.my/index/appointment/getbussiness.html [运行时间：0.116848s][吞吐率：8.56req/s] [内存消耗：1,590.30kb] [文件加载：43]
[ info ] [ LANG ] D:\phpStudy\WWW\wechat\thinkphp\lang\zh-cn.php
[ info ] [ ROUTE ] array (
  'type' => 'module',
  'module' => 
  array (
    0 => 'index',
    1 => 'appointment',
    2 => 'getbussiness',
  ),
)
[ info ] [ HEADER ] array (
  'host' => 'wechat.my',
  'connection' => 'keep-alive',
  'content-length' => '0',
  'accept' => 'application/json, text/javascript, */*; q=0.01',
  'origin' => 'http://wechat.my',
  'x-requested-with' => 'XMLHttpRequest',
  'user-agent' => 'Mozilla/5.0 (iPhone; CPU iPhone OS 9_1 like Mac OS X) AppleWebKit/601.1.46 (KHTML, like Gecko) Version/9.0 Mobile/13B143 Safari/601.1 wechatdevtools/1.02.1801081 MicroMessenger/6.5.7 Language/zh_CN webview/15215302196891374 webdebugger port/58272',
  'referer' => 'http://wechat.my/index/appointment/line',
  'accept-encoding' => 'gzip, deflate',
  'accept-language' => 'zh-CN,zh;q=0.8',
  'cookie' => 'pgv_pvi=7152930816',
)
[ info ] [ PARAM ] array (
)
[ info ] [ RUN ] app\index\controller\Appointment->getBussiness[ D:\phpStudy\WWW\wechat\application\index\controller\Appointment.php ]
[ info ] [ LOG ] INIT File
---------------------------------------------------------------
[ 2018-03-20T15:31:39+08:00 ] 127.0.0.1 GET /index/appointment/line
[ info ] wechat.my/index/appointment/line [运行时间：0.028704s][吞吐率：34.84req/s] [内存消耗：1,801.08kb] [文件加载：46]
[ info ] [ LANG ] D:\phpStudy\WWW\wechat\thinkphp\lang\zh-cn.php
[ info ] [ ROUTE ] array (
  'type' => 'module',
  'module' => 
  array (
    0 => 'index',
    1 => 'appointment',
    2 => 'line',
  ),
)
[ info ] [ HEADER ] array (
  'host' => 'wechat.my',
  'connection' => 'keep-alive',
  'cache-control' => 'max-age=0',
  'upgrade-insecure-requests' => '1',
  'user-agent' => 'Mozilla/5.0 (iPhone; CPU iPhone OS 9_1 like Mac OS X) AppleWebKit/601.1.46 (KHTML, like Gecko) Version/9.0 Mobile/13B143 Safari/601.1 wechatdevtools/1.02.1801081 MicroMessenger/6.5.7 Language/zh_CN webview/15215302196891374 webdebugger port/58272',
  'accept' => 'text/html,application/xhtml+xml,application/xml;q=0.9,image/webp,image/apng,*/*;q=0.8',
  'accept-encoding' => 'gzip, deflate',
  'accept-language' => 'zh-CN,zh;q=0.8',
  'cookie' => 'pgv_pvi=7152930816',
)
[ info ] [ PARAM ] array (
)
[ info ] [ RUN ] app\index\controller\Appointment->line[ D:\phpStudy\WWW\wechat\application\index\controller\Appointment.php ]
[ info ] [ VIEW ] D:\phpStudy\WWW\wechat\public/../application/index\view\yypd.html [ array (
) ]
[ info ] [ LOG ] INIT File
---------------------------------------------------------------
[ 2018-03-20T15:31:39+08:00 ] 127.0.0.1 GET /index/appointment/line
[ info ] wechat.my/index/appointment/line [运行时间：0.023396s][吞吐率：42.74req/s] [内存消耗：1,646.64kb] [文件加载：44]
[ info ] [ LANG ] D:\phpStudy\WWW\wechat\thinkphp\lang\zh-cn.php
[ info ] [ ROUTE ] array (
  'type' => 'module',
  'module' => 
  array (
    0 => 'index',
    1 => 'appointment',
    2 => 'line',
  ),
)
[ info ] [ HEADER ] array (
  'host' => 'wechat.my',
  'connection' => 'keep-alive',
  'cache-control' => 'max-age=0',
  'upgrade-insecure-requests' => '1',
  'user-agent' => 'Mozilla/5.0 (iPhone; CPU iPhone OS 9_1 like Mac OS X) AppleWebKit/601.1.46 (KHTML, like Gecko) Version/9.0 Mobile/13B143 Safari/601.1 wechatdevtools/1.02.1801081 MicroMessenger/6.5.7 Language/zh_CN webview/15215302196891374 webdebugger port/58272',
  'accept' => 'text/html,application/xhtml+xml,application/xml;q=0.9,image/webp,image/apng,*/*;q=0.8',
  'accept-encoding' => 'gzip, deflate',
  'accept-language' => 'zh-CN,zh;q=0.8',
  'cookie' => 'pgv_pvi=7152930816',
)
[ info ] [ PARAM ] array (
)
[ info ] [ RUN ] app\index\controller\Appointment->line[ D:\phpStudy\WWW\wechat\application\index\controller\Appointment.php ]
[ info ] [ VIEW ] D:\phpStudy\WWW\wechat\public/../application/index\view\yypd.html [ array (
) ]
[ info ] [ LOG ] INIT File
---------------------------------------------------------------
[ 2018-03-20T15:31:44+08:00 ] 127.0.0.1 POST /index/appointment/getbusinesshall.html
[ info ] wechat.my/index/appointment/getbusinesshall.html [运行时间：0.346494s][吞吐率：2.89req/s] [内存消耗：1,591.55kb] [文件加载：43]
[ info ] [ LANG ] D:\phpStudy\WWW\wechat\thinkphp\lang\zh-cn.php
[ info ] [ ROUTE ] array (
  'type' => 'module',
  'module' => 
  array (
    0 => 'index',
    1 => 'appointment',
    2 => 'getbusinesshall',
  ),
)
[ info ] [ HEADER ] array (
  'host' => 'wechat.my',
  'connection' => 'keep-alive',
  'content-length' => '234',
  'accept' => 'application/json, text/javascript, */*; q=0.01',
  'origin' => 'http://wechat.my',
  'x-requested-with' => 'XMLHttpRequest',
  'user-agent' => 'Mozilla/5.0 (iPhone; CPU iPhone OS 9_1 like Mac OS X) AppleWebKit/601.1.46 (KHTML, like Gecko) Version/9.0 Mobile/13B143 Safari/601.1 wechatdevtools/1.02.1801081 MicroMessenger/6.5.7 Language/zh_CN webview/15215302196891374 webdebugger port/58272',
  'content-type' => 'application/x-www-form-urlencoded; charset=UTF-8',
  'referer' => 'http://wechat.my/index/appointment/line',
  'accept-encoding' => 'gzip, deflate',
  'accept-language' => 'zh-CN,zh;q=0.8',
  'cookie' => 'pgv_pvi=7152930816',
)
[ info ] [ PARAM ] array (
  'post_data' => 
  array (
    'values' => '北京市-北京市-东城区',
    'ids' => '0-0-0',
    'name' => '北京市-北京市-东城区',
  ),
)
[ info ] [ RUN ] app\index\controller\Appointment->getBusinessHall[ D:\phpStudy\WWW\wechat\application\index\controller\Appointment.php ]
[ info ] [ LOG ] INIT File
---------------------------------------------------------------
[ 2018-03-20T15:37:15+08:00 ] 127.0.0.1 POST /index/appointment/getbusinesshall.html
[ info ] wechat.my/index/appointment/getbusinesshall.html [运行时间：0.130950s][吞吐率：7.64req/s] [内存消耗：1,591.55kb] [文件加载：43]
[ info ] [ LANG ] D:\phpStudy\WWW\wechat\thinkphp\lang\zh-cn.php
[ info ] [ ROUTE ] array (
  'type' => 'module',
  'module' => 
  array (
    0 => 'index',
    1 => 'appointment',
    2 => 'getbusinesshall',
  ),
)
[ info ] [ HEADER ] array (
  'host' => 'wechat.my',
  'connection' => 'keep-alive',
  'content-length' => '234',
  'accept' => 'application/json, text/javascript, */*; q=0.01',
  'origin' => 'http://wechat.my',
  'x-requested-with' => 'XMLHttpRequest',
  'user-agent' => 'Mozilla/5.0 (iPhone; CPU iPhone OS 9_1 like Mac OS X) AppleWebKit/601.1.46 (KHTML, like Gecko) Version/9.0 Mobile/13B143 Safari/601.1 wechatdevtools/1.02.1801081 MicroMessenger/6.5.7 Language/zh_CN webview/15215302196891374 webdebugger port/58272',
  'content-type' => 'application/x-www-form-urlencoded; charset=UTF-8',
  'referer' => 'http://wechat.my/index/appointment/line',
  'accept-encoding' => 'gzip, deflate',
  'accept-language' => 'zh-CN,zh;q=0.8',
  'cookie' => 'pgv_pvi=7152930816',
)
[ info ] [ PARAM ] array (
  'post_data' => 
  array (
    'values' => '北京市-北京市-崇文区',
    'ids' => '0-0-2',
    'name' => '北京市-北京市-崇文区',
  ),
)
[ info ] [ RUN ] app\index\controller\Appointment->getBusinessHall[ D:\phpStudy\WWW\wechat\application\index\controller\Appointment.php ]
[ info ] [ LOG ] INIT File
---------------------------------------------------------------
[ 2018-03-20T15:38:11+08:00 ] 127.0.0.1 POST /index/appointment/getbusinesshall.html
[ info ] wechat.my/index/appointment/getbusinesshall.html [运行时间：0.086510s][吞吐率：11.56req/s] [内存消耗：1,591.55kb] [文件加载：43]
[ info ] [ LANG ] D:\phpStudy\WWW\wechat\thinkphp\lang\zh-cn.php
[ info ] [ ROUTE ] array (
  'type' => 'module',
  'module' => 
  array (
    0 => 'index',
    1 => 'appointment',
    2 => 'getbusinesshall',
  ),
)
[ info ] [ HEADER ] array (
  'host' => 'wechat.my',
  'connection' => 'keep-alive',
  'content-length' => '234',
  'accept' => 'application/json, text/javascript, */*; q=0.01',
  'origin' => 'http://wechat.my',
  'x-requested-with' => 'XMLHttpRequest',
  'user-agent' => 'Mozilla/5.0 (iPhone; CPU iPhone OS 9_1 like Mac OS X) AppleWebKit/601.1.46 (KHTML, like Gecko) Version/9.0 Mobile/13B143 Safari/601.1 wechatdevtools/1.02.1801081 MicroMessenger/6.5.7 Language/zh_CN webview/15215302196891374 webdebugger port/58272',
  'content-type' => 'application/x-www-form-urlencoded; charset=UTF-8',
  'referer' => 'http://wechat.my/index/appointment/line',
  'accept-encoding' => 'gzip, deflate',
  'accept-language' => 'zh-CN,zh;q=0.8',
  'cookie' => 'pgv_pvi=7152930816',
)
[ info ] [ PARAM ] array (
  'post_data' => 
  array (
    'values' => '北京市-北京市-丰台区',
    'ids' => '0-0-5',
    'name' => '北京市-北京市-丰台区',
  ),
)
[ info ] [ RUN ] app\index\controller\Appointment->getBusinessHall[ D:\phpStudy\WWW\wechat\application\index\controller\Appointment.php ]
[ info ] [ LOG ] INIT File
---------------------------------------------------------------
[ 2018-03-20T16:52:46+08:00 ] 127.0.0.1 POST /index/appointment/line
[ info ] wechat.my/index/appointment/line [运行时间：0.032886s][吞吐率：30.41req/s] [内存消耗：1,810.76kb] [文件加载：47]
[ info ] [ LANG ] D:\phpStudy\WWW\wechat\thinkphp\lang\zh-cn.php
[ info ] [ ROUTE ] array (
  'type' => 'module',
  'module' => 
  array (
    0 => 'index',
    1 => 'appointment',
    2 => 'line',
  ),
)
[ info ] [ HEADER ] array (
  'host' => 'wechat.my',
  'connection' => 'keep-alive',
  'content-length' => '154',
  'accept' => 'application/json, text/javascript, */*; q=0.01',
  'origin' => 'http://wechat.my',
  'x-requested-with' => 'XMLHttpRequest',
  'user-agent' => 'Mozilla/5.0 (iPhone; CPU iPhone OS 9_1 like Mac OS X) AppleWebKit/601.1.46 (KHTML, like Gecko) Version/9.0 Mobile/13B143 Safari/601.1 wechatdevtools/1.02.1801081 MicroMessenger/6.5.7 Language/zh_CN webview/15215302196891374 webdebugger port/58272',
  'content-type' => 'application/x-www-form-urlencoded; charset=UTF-8',
  'referer' => 'http://wechat.my/index/appointment/line',
  'accept-encoding' => 'gzip, deflate',
  'accept-language' => 'zh-CN,zh;q=0.8',
  'cookie' => 'pgv_pvi=7152930816',
)
[ info ] [ PARAM ] array (
  'post_data' => 
  array (
    'values' => '城西营业厅',
    'ids' => '0',
    'name' => '城西营业厅',
  ),
)
[ info ] [ RUN ] app\index\controller\Appointment->line[ D:\phpStudy\WWW\wechat\application\index\controller\Appointment.php ]
[ info ] [ VIEW ] D:\phpStudy\WWW\wechat\public/../application/index\view\yypd.html [ array (
) ]
[ info ] [ LOG ] INIT File
---------------------------------------------------------------
[ 2018-03-20T16:52:48+08:00 ] 127.0.0.1 GET /index/appointment/line
[ info ] wechat.my/index/appointment/line [运行时间：0.025915s][吞吐率：38.59req/s] [内存消耗：1,646.84kb] [文件加载：44]
[ info ] [ LANG ] D:\phpStudy\WWW\wechat\thinkphp\lang\zh-cn.php
[ info ] [ ROUTE ] array (
  'type' => 'module',
  'module' => 
  array (
    0 => 'index',
    1 => 'appointment',
    2 => 'line',
  ),
)
[ info ] [ HEADER ] array (
  'host' => 'wechat.my',
  'connection' => 'keep-alive',
  'cache-control' => 'max-age=0',
  'upgrade-insecure-requests' => '1',
  'user-agent' => 'Mozilla/5.0 (iPhone; CPU iPhone OS 9_1 like Mac OS X) AppleWebKit/601.1.46 (KHTML, like Gecko) Version/9.0 Mobile/13B143 Safari/601.1 wechatdevtools/1.02.1801081 MicroMessenger/6.5.7 Language/zh_CN webview/15215302196891374 webdebugger port/58272',
  'accept' => 'text/html,application/xhtml+xml,application/xml;q=0.9,image/webp,image/apng,*/*;q=0.8',
  'accept-encoding' => 'gzip, deflate',
  'accept-language' => 'zh-CN,zh;q=0.8',
  'cookie' => 'pgv_pvi=7152930816',
)
[ info ] [ PARAM ] array (
)
[ info ] [ RUN ] app\index\controller\Appointment->line[ D:\phpStudy\WWW\wechat\application\index\controller\Appointment.php ]
[ info ] [ VIEW ] D:\phpStudy\WWW\wechat\public/../application/index\view\yypd.html [ array (
) ]
[ info ] [ LOG ] INIT File
---------------------------------------------------------------
[ 2018-03-20T16:52:48+08:00 ] 127.0.0.1 GET /index/appointment/line
[ info ] wechat.my/index/appointment/line [运行时间：0.027021s][吞吐率：37.01req/s] [内存消耗：1,646.84kb] [文件加载：44]
[ info ] [ LANG ] D:\phpStudy\WWW\wechat\thinkphp\lang\zh-cn.php
[ info ] [ ROUTE ] array (
  'type' => 'module',
  'module' => 
  array (
    0 => 'index',
    1 => 'appointment',
    2 => 'line',
  ),
)
[ info ] [ HEADER ] array (
  'host' => 'wechat.my',
  'connection' => 'keep-alive',
  'cache-control' => 'max-age=0',
  'upgrade-insecure-requests' => '1',
  'user-agent' => 'Mozilla/5.0 (iPhone; CPU iPhone OS 9_1 like Mac OS X) AppleWebKit/601.1.46 (KHTML, like Gecko) Version/9.0 Mobile/13B143 Safari/601.1 wechatdevtools/1.02.1801081 MicroMessenger/6.5.7 Language/zh_CN webview/15215302196891374 webdebugger port/58272',
  'accept' => 'text/html,application/xhtml+xml,application/xml;q=0.9,image/webp,image/apng,*/*;q=0.8',
  'accept-encoding' => 'gzip, deflate',
  'accept-language' => 'zh-CN,zh;q=0.8',
  'cookie' => 'pgv_pvi=7152930816',
)
[ info ] [ PARAM ] array (
)
[ info ] [ RUN ] app\index\controller\Appointment->line[ D:\phpStudy\WWW\wechat\application\index\controller\Appointment.php ]
[ info ] [ VIEW ] D:\phpStudy\WWW\wechat\public/../application/index\view\yypd.html [ array (
) ]
[ info ] [ LOG ] INIT File
---------------------------------------------------------------
[ 2018-03-20T16:52:50+08:00 ] 127.0.0.1 POST /index/appointment/getbusinesshall.html
[ info ] wechat.my/index/appointment/getbusinesshall.html [运行时间：0.084152s][吞吐率：11.88req/s] [内存消耗：1,627.81kb] [文件加载：46]
[ info ] [ LANG ] D:\phpStudy\WWW\wechat\thinkphp\lang\zh-cn.php
[ info ] [ ROUTE ] array (
  'type' => 'module',
  'module' => 
  array (
    0 => 'index',
    1 => 'appointment',
    2 => 'getbusinesshall',
  ),
)
[ info ] [ HEADER ] array (
  'host' => 'wechat.my',
  'connection' => 'keep-alive',
  'content-length' => '93',
  'accept' => 'application/json, text/javascript, */*; q=0.01',
  'origin' => 'http://wechat.my',
  'x-requested-with' => 'XMLHttpRequest',
  'user-agent' => 'Mozilla/5.0 (iPhone; CPU iPhone OS 9_1 like Mac OS X) AppleWebKit/601.1.46 (KHTML, like Gecko) Version/9.0 Mobile/13B143 Safari/601.1 wechatdevtools/1.02.1801081 MicroMessenger/6.5.7 Language/zh_CN webview/15215302196891374 webdebugger port/58272',
  'content-type' => 'application/x-www-form-urlencoded; charset=UTF-8',
  'referer' => 'http://wechat.my/index/appointment/line',
  'accept-encoding' => 'gzip, deflate',
  'accept-language' => 'zh-CN,zh;q=0.8',
  'cookie' => 'pgv_pvi=7152930816',
)
[ info ] [ PARAM ] array (
  'post_data' => '北京市-北京市-东城区',
)
[ info ] [ RUN ] app\index\controller\Appointment->getBusinessHall[ D:\phpStudy\WWW\wechat\application\index\controller\Appointment.php ]
[ info ] [ LOG ] INIT File
[ error ] [2]Illegal string offset 'names'[D:\phpStudy\WWW\wechat\application\index\controller\Appointment.php:32]
---------------------------------------------------------------
[ 2018-03-20T16:53:20+08:00 ] 127.0.0.1 POST /index/appointment/getbusinesshall.html
[ info ] wechat.my/index/appointment/getbusinesshall.html [运行时间：0.024907s][吞吐率：40.15req/s] [内存消耗：1,591.23kb] [文件加载：43]
[ info ] [ LANG ] D:\phpStudy\WWW\wechat\thinkphp\lang\zh-cn.php
[ info ] [ ROUTE ] array (
  'type' => 'module',
  'module' => 
  array (
    0 => 'index',
    1 => 'appointment',
    2 => 'getbusinesshall',
  ),
)
[ info ] [ HEADER ] array (
  'host' => 'wechat.my',
  'connection' => 'keep-alive',
  'content-length' => '93',
  'accept' => 'application/json, text/javascript, */*; q=0.01',
  'origin' => 'http://wechat.my',
  'x-requested-with' => 'XMLHttpRequest',
  'user-agent' => 'Mozilla/5.0 (iPhone; CPU iPhone OS 9_1 like Mac OS X) AppleWebKit/601.1.46 (KHTML, like Gecko) Version/9.0 Mobile/13B143 Safari/601.1 wechatdevtools/1.02.1801081 MicroMessenger/6.5.7 Language/zh_CN webview/15215302196891374 webdebugger port/58272',
  'content-type' => 'application/x-www-form-urlencoded; charset=UTF-8',
  'referer' => 'http://wechat.my/index/appointment/line',
  'accept-encoding' => 'gzip, deflate',
  'accept-language' => 'zh-CN,zh;q=0.8',
  'cookie' => 'pgv_pvi=7152930816',
)
[ info ] [ PARAM ] array (
  'post_data' => '北京市-北京市-崇文区',
)
[ info ] [ RUN ] app\index\controller\Appointment->getBusinessHall[ D:\phpStudy\WWW\wechat\application\index\controller\Appointment.php ]
[ info ] [ LOG ] INIT File
---------------------------------------------------------------
[ 2018-03-20T17:25:24+08:00 ] 127.0.0.1 POST /index/appointment/getbusinesshall.html
[ info ] wechat.my/index/appointment/getbusinesshall.html [运行时间：0.032443s][吞吐率：30.82req/s] [内存消耗：1,591.62kb] [文件加载：43]
[ info ] [ LANG ] D:\phpStudy\WWW\wechat\thinkphp\lang\zh-cn.php
[ info ] [ ROUTE ] array (
  'type' => 'module',
  'module' => 
  array (
    0 => 'index',
    1 => 'appointment',
    2 => 'getbusinesshall',
  ),
)
[ info ] [ HEADER ] array (
  'host' => 'wechat.my',
  'connection' => 'keep-alive',
  'content-length' => '93',
  'accept' => 'application/json, text/javascript, */*; q=0.01',
  'origin' => 'http://wechat.my',
  'x-requested-with' => 'XMLHttpRequest',
  'user-agent' => 'Mozilla/5.0 (iPhone; CPU iPhone OS 9_1 like Mac OS X) AppleWebKit/601.1.46 (KHTML, like Gecko) Version/9.0 Mobile/13B143 Safari/601.1 wechatdevtools/1.02.1801081 MicroMessenger/6.5.7 Language/zh_CN webview/15215302196891374 webdebugger port/58272',
  'content-type' => 'application/x-www-form-urlencoded; charset=UTF-8',
  'referer' => 'http://wechat.my/index/appointment/line',
  'accept-encoding' => 'gzip, deflate',
  'accept-language' => 'zh-CN,zh;q=0.8',
  'cookie' => 'pgv_pvi=7152930816',
)
[ info ] [ PARAM ] array (
  'post_data' => '北京市-北京市-朝阳区',
)
[ info ] [ RUN ] app\index\controller\Appointment->getBusinessHall[ D:\phpStudy\WWW\wechat\application\index\controller\Appointment.php ]
[ info ] [ LOG ] INIT File
---------------------------------------------------------------
[ 2018-03-20T17:26:54+08:00 ] 127.0.0.1 POST /index/appointment/getbusinesshall.html
[ info ] wechat.my/index/appointment/getbusinesshall.html [运行时间：0.032920s][吞吐率：30.38req/s] [内存消耗：1,591.86kb] [文件加载：43]
[ info ] [ LANG ] D:\phpStudy\WWW\wechat\thinkphp\lang\zh-cn.php
[ info ] [ ROUTE ] array (
  'type' => 'module',
  'module' => 
  array (
    0 => 'index',
    1 => 'appointment',
    2 => 'getbusinesshall',
  ),
)
[ info ] [ HEADER ] array (
  'host' => 'wechat.my',
  'connection' => 'keep-alive',
  'content-length' => '93',
  'accept' => 'application/json, text/javascript, */*; q=0.01',
  'origin' => 'http://wechat.my',
  'x-requested-with' => 'XMLHttpRequest',
  'user-agent' => 'Mozilla/5.0 (iPhone; CPU iPhone OS 9_1 like Mac OS X) AppleWebKit/601.1.46 (KHTML, like Gecko) Version/9.0 Mobile/13B143 Safari/601.1 wechatdevtools/1.02.1801081 MicroMessenger/6.5.7 Language/zh_CN webview/15215302196891374 webdebugger port/58272',
  'content-type' => 'application/x-www-form-urlencoded; charset=UTF-8',
  'referer' => 'http://wechat.my/index/appointment/line',
  'accept-encoding' => 'gzip, deflate',
  'accept-language' => 'zh-CN,zh;q=0.8',
  'cookie' => 'pgv_pvi=7152930816',
)
[ info ] [ PARAM ] array (
  'post_data' => '北京市-北京市-丰台区',
)
[ info ] [ RUN ] app\index\controller\Appointment->getBusinessHall[ D:\phpStudy\WWW\wechat\application\index\controller\Appointment.php ]
[ info ] [ LOG ] INIT File
---------------------------------------------------------------
[ 2018-03-20T17:27:24+08:00 ] 127.0.0.1 GET /index/appointment/line
[ info ] wechat.my/index/appointment/line [运行时间：0.032277s][吞吐率：30.98req/s] [内存消耗：1,647.38kb] [文件加载：44]
[ info ] [ LANG ] D:\phpStudy\WWW\wechat\thinkphp\lang\zh-cn.php
[ info ] [ ROUTE ] array (
  'type' => 'module',
  'module' => 
  array (
    0 => 'index',
    1 => 'appointment',
    2 => 'line',
  ),
)
[ info ] [ HEADER ] array (
  'host' => 'wechat.my',
  'connection' => 'keep-alive',
  'cache-control' => 'max-age=0',
  'upgrade-insecure-requests' => '1',
  'user-agent' => 'Mozilla/5.0 (iPhone; CPU iPhone OS 9_1 like Mac OS X) AppleWebKit/601.1.46 (KHTML, like Gecko) Version/9.0 Mobile/13B143 Safari/601.1 wechatdevtools/1.02.1801081 MicroMessenger/6.5.7 Language/zh_CN webview/15215302196891374 webdebugger port/58272',
  'accept' => 'text/html,application/xhtml+xml,application/xml;q=0.9,image/webp,image/apng,*/*;q=0.8',
  'accept-encoding' => 'gzip, deflate',
  'accept-language' => 'zh-CN,zh;q=0.8',
  'cookie' => 'pgv_pvi=7152930816',
)
[ info ] [ PARAM ] array (
)
[ info ] [ RUN ] app\index\controller\Appointment->line[ D:\phpStudy\WWW\wechat\application\index\controller\Appointment.php ]
[ info ] [ VIEW ] D:\phpStudy\WWW\wechat\public/../application/index\view\yypd.html [ array (
) ]
[ info ] [ LOG ] INIT File
---------------------------------------------------------------
[ 2018-03-20T17:27:24+08:00 ] 127.0.0.1 GET /index/appointment/line
[ info ] wechat.my/index/appointment/line [运行时间：0.030762s][吞吐率：32.51req/s] [内存消耗：1,647.38kb] [文件加载：44]
[ info ] [ LANG ] D:\phpStudy\WWW\wechat\thinkphp\lang\zh-cn.php
[ info ] [ ROUTE ] array (
  'type' => 'module',
  'module' => 
  array (
    0 => 'index',
    1 => 'appointment',
    2 => 'line',
  ),
)
[ info ] [ HEADER ] array (
  'host' => 'wechat.my',
  'connection' => 'keep-alive',
  'cache-control' => 'max-age=0',
  'upgrade-insecure-requests' => '1',
  'user-agent' => 'Mozilla/5.0 (iPhone; CPU iPhone OS 9_1 like Mac OS X) AppleWebKit/601.1.46 (KHTML, like Gecko) Version/9.0 Mobile/13B143 Safari/601.1 wechatdevtools/1.02.1801081 MicroMessenger/6.5.7 Language/zh_CN webview/15215302196891374 webdebugger port/58272',
  'accept' => 'text/html,application/xhtml+xml,application/xml;q=0.9,image/webp,image/apng,*/*;q=0.8',
  'accept-encoding' => 'gzip, deflate',
  'accept-language' => 'zh-CN,zh;q=0.8',
  'cookie' => 'pgv_pvi=7152930816',
)
[ info ] [ PARAM ] array (
)
[ info ] [ RUN ] app\index\controller\Appointment->line[ D:\phpStudy\WWW\wechat\application\index\controller\Appointment.php ]
[ info ] [ VIEW ] D:\phpStudy\WWW\wechat\public/../application/index\view\yypd.html [ array (
) ]
[ info ] [ LOG ] INIT File
---------------------------------------------------------------
[ 2018-03-20T17:27:32+08:00 ] 127.0.0.1 POST /index/appointment/getbusinesshall.html
[ info ] wechat.my/index/appointment/getbusinesshall.html [运行时间：3.844744s][吞吐率：0.26req/s] [内存消耗：1,591.79kb] [文件加载：43]
[ info ] [ LANG ] D:\phpStudy\WWW\wechat\thinkphp\lang\zh-cn.php
[ info ] [ ROUTE ] array (
  'type' => 'module',
  'module' => 
  array (
    0 => 'index',
    1 => 'appointment',
    2 => 'getbusinesshall',
  ),
)
[ info ] [ HEADER ] array (
  'host' => 'wechat.my',
  'connection' => 'keep-alive',
  'content-length' => '93',
  'accept' => 'application/json, text/javascript, */*; q=0.01',
  'origin' => 'http://wechat.my',
  'x-requested-with' => 'XMLHttpRequest',
  'user-agent' => 'Mozilla/5.0 (iPhone; CPU iPhone OS 9_1 like Mac OS X) AppleWebKit/601.1.46 (KHTML, like Gecko) Version/9.0 Mobile/13B143 Safari/601.1 wechatdevtools/1.02.1801081 MicroMessenger/6.5.7 Language/zh_CN webview/15215302196891374 webdebugger port/58272',
  'content-type' => 'application/x-www-form-urlencoded; charset=UTF-8',
  'referer' => 'http://wechat.my/index/appointment/line',
  'accept-encoding' => 'gzip, deflate',
  'accept-language' => 'zh-CN,zh;q=0.8',
  'cookie' => 'pgv_pvi=7152930816',
)
[ info ] [ PARAM ] array (
  'post_data' => '北京市-北京市-崇文区',
)
[ info ] [ RUN ] app\index\controller\Appointment->getBusinessHall[ D:\phpStudy\WWW\wechat\application\index\controller\Appointment.php ]
[ info ] [ LOG ] INIT File
