---------------------------------------------------------------
[ 2018-03-28T15:01:09+08:00 ] 127.0.0.1 GET /index/appointment/line
[ info ] wechat.my/index/appointment/line [运行时间：0.225184s][吞吐率：4.44req/s] [内存消耗：1,647.52kb] [文件加载：44]
[ info ] [ LANG ] D:\phpStudy\WWW\wechat\thinkphp\lang\zh-cn.php
[ info ] [ ROUTE ] array (
  'type' => 'module',
  'module' => 
  array (
    0 => 'index',
    1 => 'appointment',
    2 => 'line',
  ),
)
[ info ] [ HEADER ] array (
  'host' => 'wechat.my',
  'connection' => 'keep-alive',
  'upgrade-insecure-requests' => '1',
  'user-agent' => 'Mozilla/5.0 (iPhone; CPU iPhone OS 9_1 like Mac OS X) AppleWebKit/601.1.46 (KHTML, like Gecko) Version/9.0 Mobile/13B143 Safari/601.1 wechatdevtools/1.02.1801081 MicroMessenger/6.5.7 Language/zh_CN webview/15222204589272167 webdebugger port/53881',
  'accept' => 'text/html,application/xhtml+xml,application/xml;q=0.9,image/webp,image/apng,*/*;q=0.8',
  'accept-encoding' => 'gzip, deflate',
  'accept-language' => 'zh-CN,zh;q=0.8',
  'cookie' => 'pgv_pvi=7152930816',
)
[ info ] [ PARAM ] array (
)
[ info ] [ RUN ] app\index\controller\Appointment->line[ D:\phpStudy\WWW\wechat\application\index\controller\Appointment.php ]
[ info ] [ VIEW ] D:\phpStudy\WWW\wechat\public/../application/index\view\yypd.html [ array (
) ]
[ info ] [ LOG ] INIT File
---------------------------------------------------------------
[ 2018-03-28T15:01:17+08:00 ] 127.0.0.1 POST /index/appointment/getbusinesshall.html
[ info ] wechat.my/index/appointment/getbusinesshall.html [运行时间：3.159849s][吞吐率：0.32req/s] [内存消耗：1,592.24kb] [文件加载：43]
[ info ] [ LANG ] D:\phpStudy\WWW\wechat\thinkphp\lang\zh-cn.php
[ info ] [ ROUTE ] array (
  'type' => 'module',
  'module' => 
  array (
    0 => 'index',
    1 => 'appointment',
    2 => 'getbusinesshall',
  ),
)
[ info ] [ HEADER ] array (
  'host' => 'wechat.my',
  'connection' => 'keep-alive',
  'content-length' => '93',
  'accept' => 'application/json, text/javascript, */*; q=0.01',
  'origin' => 'http://wechat.my',
  'x-requested-with' => 'XMLHttpRequest',
  'user-agent' => 'Mozilla/5.0 (iPhone; CPU iPhone OS 9_1 like Mac OS X) AppleWebKit/601.1.46 (KHTML, like Gecko) Version/9.0 Mobile/13B143 Safari/601.1 wechatdevtools/1.02.1801081 MicroMessenger/6.5.7 Language/zh_CN webview/15222204589272167 webdebugger port/53881',
  'content-type' => 'application/x-www-form-urlencoded; charset=UTF-8',
  'referer' => 'http://wechat.my/index/appointment/line',
  'accept-encoding' => 'gzip, deflate',
  'accept-language' => 'zh-CN,zh;q=0.8',
  'cookie' => 'pgv_pvi=7152930816',
)
[ info ] [ PARAM ] array (
  'post_data' => '北京市-北京市-东城区',
)
[ info ] [ RUN ] app\index\controller\Appointment->getBusinessHall[ D:\phpStudy\WWW\wechat\application\index\controller\Appointment.php ]
[ info ] [ LOG ] INIT File
---------------------------------------------------------------
[ 2018-03-28T15:01:29+08:00 ] 127.0.0.1 POST /index/appointment/getbusinesshall.html
[ info ] wechat.my/index/appointment/getbusinesshall.html [运行时间：0.388529s][吞吐率：2.57req/s] [内存消耗：1,628.79kb] [文件加载：46]
[ info ] [ LANG ] D:\phpStudy\WWW\wechat\thinkphp\lang\zh-cn.php
[ info ] [ ROUTE ] array (
  'type' => 'module',
  'module' => 
  array (
    0 => 'index',
    1 => 'appointment',
    2 => 'getbusinesshall',
  ),
)
[ info ] [ HEADER ] array (
  'host' => 'wechat.my',
  'connection' => 'keep-alive',
  'content-length' => '93',
  'accept' => 'application/json, text/javascript, */*; q=0.01',
  'origin' => 'http://wechat.my',
  'x-requested-with' => 'XMLHttpRequest',
  'user-agent' => 'Mozilla/5.0 (iPhone; CPU iPhone OS 9_1 like Mac OS X) AppleWebKit/601.1.46 (KHTML, like Gecko) Version/9.0 Mobile/13B143 Safari/601.1 wechatdevtools/1.02.1801081 MicroMessenger/6.5.7 Language/zh_CN webview/15222204589272167 webdebugger port/53881',
  'content-type' => 'application/x-www-form-urlencoded; charset=UTF-8',
  'referer' => 'http://wechat.my/index/appointment/line',
  'accept-encoding' => 'gzip, deflate',
  'accept-language' => 'zh-CN,zh;q=0.8',
  'cookie' => 'pgv_pvi=7152930816',
)
[ info ] [ PARAM ] array (
  'post_data' => '江苏省-南京市-建邺区',
)
[ info ] [ RUN ] app\index\controller\Appointment->getBusinessHall[ D:\phpStudy\WWW\wechat\application\index\controller\Appointment.php ]
[ info ] [ LOG ] INIT File
[ error ] [8]未定义数组索引: id[D:\phpStudy\WWW\wechat\application\index\controller\Appointment.php:45]
---------------------------------------------------------------
[ 2018-03-28T15:07:27+08:00 ] 127.0.0.1 POST /index/appointment/getbusinesshall.html
[ info ] wechat.my/index/appointment/getbusinesshall.html [运行时间：0.223977s][吞吐率：4.46req/s] [内存消耗：1,628.79kb] [文件加载：46]
[ info ] [ LANG ] D:\phpStudy\WWW\wechat\thinkphp\lang\zh-cn.php
[ info ] [ ROUTE ] array (
  'type' => 'module',
  'module' => 
  array (
    0 => 'index',
    1 => 'appointment',
    2 => 'getbusinesshall',
  ),
)
[ info ] [ HEADER ] array (
  'host' => 'wechat.my',
  'connection' => 'keep-alive',
  'content-length' => '93',
  'accept' => 'application/json, text/javascript, */*; q=0.01',
  'origin' => 'http://wechat.my',
  'x-requested-with' => 'XMLHttpRequest',
  'user-agent' => 'Mozilla/5.0 (iPhone; CPU iPhone OS 9_1 like Mac OS X) AppleWebKit/601.1.46 (KHTML, like Gecko) Version/9.0 Mobile/13B143 Safari/601.1 wechatdevtools/1.02.1801081 MicroMessenger/6.5.7 Language/zh_CN webview/15222204589272167 webdebugger port/53881',
  'content-type' => 'application/x-www-form-urlencoded; charset=UTF-8',
  'referer' => 'http://wechat.my/index/appointment/line',
  'accept-encoding' => 'gzip, deflate',
  'accept-language' => 'zh-CN,zh;q=0.8',
  'cookie' => 'pgv_pvi=7152930816',
)
[ info ] [ PARAM ] array (
  'post_data' => '江苏省-南京市-建邺区',
)
[ info ] [ RUN ] app\index\controller\Appointment->getBusinessHall[ D:\phpStudy\WWW\wechat\application\index\controller\Appointment.php ]
[ info ] [ LOG ] INIT File
[ error ] [8]未定义数组索引: id[D:\phpStudy\WWW\wechat\application\index\controller\Appointment.php:45]
